{"/home/usuario/prct08-filesystem-funko-app-AlejandroReyes1594/docs/assets/hierarchy.js": {"path":"/home/usuario/prct08-filesystem-funko-app-AlejandroReyes1594/docs/assets/hierarchy.js","all":true,"statementMap":{"0":{"start":{"line":1,"column":0},"end":{"line":1,"column":77}}},"s":{"0":0},"branchMap":{"0":{"type":"branch","line":1,"loc":{"start":{"line":1,"column":0},"end":{"line":1,"column":77}},"locations":[{"start":{"line":1,"column":0},"end":{"line":1,"column":77}}]}},"b":{"0":[0]},"fnMap":{"0":{"name":"(empty-report)","decl":{"start":{"line":1,"column":0},"end":{"line":1,"column":77}},"loc":{"start":{"line":1,"column":0},"end":{"line":1,"column":77}},"line":1}},"f":{"0":0}}
,"/home/usuario/prct08-filesystem-funko-app-AlejandroReyes1594/docs/assets/icons.js": {"path":"/home/usuario/prct08-filesystem-funko-app-AlejandroReyes1594/docs/assets/icons.js","all":true,"statementMap":{"0":{"start":{"line":1,"column":0},"end":{"line":1,"column":13}},"1":{"start":{"line":2,"column":0},"end":{"line":2,"column":15}},"2":{"start":{"line":3,"column":0},"end":{"line":3,"column":25}},"3":{"start":{"line":4,"column":0},"end":{"line":4,"column":110}},"4":{"start":{"line":5,"column":0},"end":{"line":5,"column":109}},"5":{"start":{"line":6,"column":0},"end":{"line":6,"column":12268}},"6":{"start":{"line":7,"column":0},"end":{"line":7,"column":35}},"7":{"start":{"line":8,"column":0},"end":{"line":8,"column":63}},"8":{"start":{"line":9,"column":0},"end":{"line":9,"column":5}},"10":{"start":{"line":11,"column":0},"end":{"line":11,"column":34}},"11":{"start":{"line":12,"column":0},"end":{"line":12,"column":56}},"12":{"start":{"line":13,"column":0},"end":{"line":13,"column":61}},"13":{"start":{"line":14,"column":0},"end":{"line":14,"column":85}},"14":{"start":{"line":15,"column":0},"end":{"line":15,"column":13}},"15":{"start":{"line":16,"column":0},"end":{"line":16,"column":11}},"16":{"start":{"line":17,"column":0},"end":{"line":17,"column":5}},"17":{"start":{"line":18,"column":0},"end":{"line":18,"column":4}}},"s":{"0":0,"1":0,"2":0,"3":0,"4":0,"5":0,"6":0,"7":0,"8":0,"10":0,"11":0,"12":0,"13":0,"14":0,"15":0,"16":0,"17":0},"branchMap":{"0":{"type":"branch","line":1,"loc":{"start":{"line":1,"column":0},"end":{"line":18,"column":4}},"locations":[{"start":{"line":1,"column":0},"end":{"line":18,"column":4}}]}},"b":{"0":[0]},"fnMap":{"0":{"name":"(empty-report)","decl":{"start":{"line":1,"column":0},"end":{"line":18,"column":4}},"loc":{"start":{"line":1,"column":0},"end":{"line":18,"column":4}},"line":1}},"f":{"0":0}}
,"/home/usuario/prct08-filesystem-funko-app-AlejandroReyes1594/docs/assets/main.js": {"path":"/home/usuario/prct08-filesystem-funko-app-AlejandroReyes1594/docs/assets/main.js","all":true,"statementMap":{"0":{"start":{"line":1,"column":0},"end":{"line":1,"column":13}},"1":{"start":{"line":2,"column":0},"end":{"line":2,"column":195}},"2":{"start":{"line":3,"column":0},"end":{"line":3,"column":3988}},"3":{"start":{"line":4,"column":0},"end":{"line":4,"column":31584}},"4":{"start":{"line":5,"column":0},"end":{"line":5,"column":3769}},"5":{"start":{"line":6,"column":0},"end":{"line":6,"column":6632}},"6":{"start":{"line":7,"column":0},"end":{"line":7,"column":32}},"8":{"start":{"line":9,"column":0},"end":{"line":9,"column":13}},"9":{"start":{"line":10,"column":0},"end":{"line":10,"column":5}},"10":{"start":{"line":11,"column":0},"end":{"line":11,"column":91}},"11":{"start":{"line":12,"column":0},"end":{"line":12,"column":42}},"12":{"start":{"line":13,"column":0},"end":{"line":13,"column":17}},"13":{"start":{"line":14,"column":0},"end":{"line":14,"column":5}},"14":{"start":{"line":15,"column":0},"end":{"line":15,"column":5}},"15":{"start":{"line":16,"column":0},"end":{"line":16,"column":15}},"16":{"start":{"line":17,"column":0},"end":{"line":17,"column":42}},"17":{"start":{"line":18,"column":0},"end":{"line":18,"column":5}},"18":{"start":{"line":19,"column":0},"end":{"line":19,"column":5}},"19":{"start":{"line":20,"column":0},"end":{"line":20,"column":13}},"20":{"start":{"line":21,"column":0},"end":{"line":21,"column":42}},"21":{"start":{"line":22,"column":0},"end":{"line":22,"column":5}},"22":{"start":{"line":23,"column":0},"end":{"line":23,"column":5}},"23":{"start":{"line":24,"column":0},"end":{"line":24,"column":19}},"24":{"start":{"line":25,"column":0},"end":{"line":25,"column":42}},"25":{"start":{"line":26,"column":0},"end":{"line":26,"column":5}},"26":{"start":{"line":27,"column":0},"end":{"line":27,"column":5}},"27":{"start":{"line":28,"column":0},"end":{"line":28,"column":18}},"28":{"start":{"line":29,"column":0},"end":{"line":29,"column":42}},"29":{"start":{"line":30,"column":0},"end":{"line":30,"column":5}},"30":{"start":{"line":31,"column":0},"end":{"line":31,"column":5}},"31":{"start":{"line":32,"column":0},"end":{"line":32,"column":16}},"32":{"start":{"line":33,"column":0},"end":{"line":33,"column":42}},"33":{"start":{"line":34,"column":0},"end":{"line":34,"column":5}},"34":{"start":{"line":35,"column":0},"end":{"line":35,"column":5}},"35":{"start":{"line":36,"column":0},"end":{"line":36,"column":17}},"36":{"start":{"line":37,"column":0},"end":{"line":37,"column":42}},"37":{"start":{"line":38,"column":0},"end":{"line":38,"column":74}},"38":{"start":{"line":39,"column":0},"end":{"line":39,"column":5}},"39":{"start":{"line":40,"column":0},"end":{"line":40,"column":5}},"40":{"start":{"line":41,"column":0},"end":{"line":41,"column":24}},"41":{"start":{"line":42,"column":0},"end":{"line":42,"column":42}},"42":{"start":{"line":43,"column":0},"end":{"line":43,"column":5}},"43":{"start":{"line":44,"column":0},"end":{"line":44,"column":5}},"44":{"start":{"line":45,"column":0},"end":{"line":45,"column":17}},"45":{"start":{"line":46,"column":0},"end":{"line":46,"column":42}},"46":{"start":{"line":47,"column":0},"end":{"line":47,"column":5}},"47":{"start":{"line":48,"column":0},"end":{"line":48,"column":5}},"48":{"start":{"line":49,"column":0},"end":{"line":49,"column":18}},"49":{"start":{"line":50,"column":0},"end":{"line":50,"column":42}},"50":{"start":{"line":51,"column":0},"end":{"line":51,"column":5}},"51":{"start":{"line":52,"column":0},"end":{"line":52,"column":5}},"52":{"start":{"line":53,"column":0},"end":{"line":53,"column":15}},"53":{"start":{"line":54,"column":0},"end":{"line":54,"column":42}},"54":{"start":{"line":55,"column":0},"end":{"line":55,"column":5}},"55":{"start":{"line":56,"column":0},"end":{"line":56,"column":5}},"56":{"start":{"line":57,"column":0},"end":{"line":57,"column":17}},"57":{"start":{"line":58,"column":0},"end":{"line":58,"column":42}},"58":{"start":{"line":59,"column":0},"end":{"line":59,"column":5}},"59":{"start":{"line":60,"column":0},"end":{"line":60,"column":2}}},"s":{"0":0,"1":0,"2":0,"3":0,"4":0,"5":0,"6":0,"8":0,"9":0,"10":0,"11":0,"12":0,"13":0,"14":0,"15":0,"16":0,"17":0,"18":0,"19":0,"20":0,"21":0,"22":0,"23":0,"24":0,"25":0,"26":0,"27":0,"28":0,"29":0,"30":0,"31":0,"32":0,"33":0,"34":0,"35":0,"36":0,"37":0,"38":0,"39":0,"40":0,"41":0,"42":0,"43":0,"44":0,"45":0,"46":0,"47":0,"48":0,"49":0,"50":0,"51":0,"52":0,"53":0,"54":0,"55":0,"56":0,"57":0,"58":0,"59":0},"branchMap":{"0":{"type":"branch","line":1,"loc":{"start":{"line":1,"column":0},"end":{"line":60,"column":-58}},"locations":[{"start":{"line":1,"column":0},"end":{"line":60,"column":-58}}]}},"b":{"0":[0]},"fnMap":{"0":{"name":"(empty-report)","decl":{"start":{"line":1,"column":0},"end":{"line":60,"column":-58}},"loc":{"start":{"line":1,"column":0},"end":{"line":60,"column":-58}},"line":1}},"f":{"0":0}}
,"/home/usuario/prct08-filesystem-funko-app-AlejandroReyes1594/docs/assets/navigation.js": {"path":"/home/usuario/prct08-filesystem-funko-app-AlejandroReyes1594/docs/assets/navigation.js","all":true,"statementMap":{"0":{"start":{"line":1,"column":0},"end":{"line":1,"column":478}}},"s":{"0":0},"branchMap":{"0":{"type":"branch","line":1,"loc":{"start":{"line":1,"column":0},"end":{"line":1,"column":478}},"locations":[{"start":{"line":1,"column":0},"end":{"line":1,"column":478}}]}},"b":{"0":[0]},"fnMap":{"0":{"name":"(empty-report)","decl":{"start":{"line":1,"column":0},"end":{"line":1,"column":478}},"loc":{"start":{"line":1,"column":0},"end":{"line":1,"column":478}},"line":1}},"f":{"0":0}}
,"/home/usuario/prct08-filesystem-funko-app-AlejandroReyes1594/docs/assets/search.js": {"path":"/home/usuario/prct08-filesystem-funko-app-AlejandroReyes1594/docs/assets/search.js","all":true,"statementMap":{"0":{"start":{"line":1,"column":0},"end":{"line":1,"column":2923}}},"s":{"0":0},"branchMap":{"0":{"type":"branch","line":1,"loc":{"start":{"line":1,"column":0},"end":{"line":1,"column":2923}},"locations":[{"start":{"line":1,"column":0},"end":{"line":1,"column":2923}}]}},"b":{"0":[0]},"fnMap":{"0":{"name":"(empty-report)","decl":{"start":{"line":1,"column":0},"end":{"line":1,"column":2923}},"loc":{"start":{"line":1,"column":0},"end":{"line":1,"column":2923}},"line":1}},"f":{"0":0}}
,"/home/usuario/prct08-filesystem-funko-app-AlejandroReyes1594/src/Funko/index.ts": {"path":"/home/usuario/prct08-filesystem-funko-app-AlejandroReyes1594/src/Funko/index.ts","all":true,"statementMap":{"0":{"start":{"line":1,"column":0},"end":{"line":1,"column":27}}},"s":{"0":0},"branchMap":{"0":{"type":"branch","line":1,"loc":{"start":{"line":1,"column":0},"end":{"line":1,"column":27}},"locations":[{"start":{"line":1,"column":0},"end":{"line":1,"column":27}}]}},"b":{"0":[0]},"fnMap":{"0":{"name":"(empty-report)","decl":{"start":{"line":1,"column":0},"end":{"line":1,"column":27}},"loc":{"start":{"line":1,"column":0},"end":{"line":1,"column":27}},"line":1}},"f":{"0":0}}
,"/home/usuario/prct08-filesystem-funko-app-AlejandroReyes1594/src/Funko/cli/commands.ts": {"path":"/home/usuario/prct08-filesystem-funko-app-AlejandroReyes1594/src/Funko/cli/commands.ts","all":true,"statementMap":{"0":{"start":{"line":1,"column":0},"end":{"line":1,"column":26}},"1":{"start":{"line":2,"column":0},"end":{"line":2,"column":40}},"2":{"start":{"line":3,"column":0},"end":{"line":3,"column":59}},"3":{"start":{"line":4,"column":0},"end":{"line":4,"column":43}},"6":{"start":{"line":7,"column":0},"end":{"line":7,"column":73}},"9":{"start":{"line":10,"column":0},"end":{"line":10,"column":28}},"10":{"start":{"line":11,"column":0},"end":{"line":11,"column":11}},"11":{"start":{"line":12,"column":0},"end":{"line":12,"column":10}},"12":{"start":{"line":13,"column":0},"end":{"line":13,"column":22}},"13":{"start":{"line":14,"column":0},"end":{"line":14,"column":5}},"14":{"start":{"line":15,"column":0},"end":{"line":15,"column":51}},"15":{"start":{"line":16,"column":0},"end":{"line":16,"column":49}},"16":{"start":{"line":17,"column":0},"end":{"line":17,"column":51}},"17":{"start":{"line":18,"column":0},"end":{"line":18,"column":51}},"18":{"start":{"line":19,"column":0},"end":{"line":19,"column":51}},"19":{"start":{"line":20,"column":0},"end":{"line":20,"column":52}},"20":{"start":{"line":21,"column":0},"end":{"line":21,"column":56}},"21":{"start":{"line":22,"column":0},"end":{"line":22,"column":53}},"22":{"start":{"line":23,"column":0},"end":{"line":23,"column":57}},"23":{"start":{"line":24,"column":0},"end":{"line":24,"column":62}},"24":{"start":{"line":25,"column":0},"end":{"line":25,"column":58}},"25":{"start":{"line":26,"column":0},"end":{"line":26,"column":6}},"26":{"start":{"line":27,"column":0},"end":{"line":27,"column":15}},"27":{"start":{"line":28,"column":0},"end":{"line":28,"column":50}},"28":{"start":{"line":29,"column":0},"end":{"line":29,"column":30}},"29":{"start":{"line":30,"column":0},"end":{"line":30,"column":16}},"30":{"start":{"line":31,"column":0},"end":{"line":31,"column":18}},"31":{"start":{"line":32,"column":0},"end":{"line":32,"column":18}},"32":{"start":{"line":33,"column":0},"end":{"line":33,"column":31}},"33":{"start":{"line":34,"column":0},"end":{"line":34,"column":33}},"34":{"start":{"line":35,"column":0},"end":{"line":35,"column":23}},"35":{"start":{"line":36,"column":0},"end":{"line":36,"column":20}},"36":{"start":{"line":37,"column":0},"end":{"line":37,"column":23}},"37":{"start":{"line":38,"column":0},"end":{"line":38,"column":29}},"38":{"start":{"line":39,"column":0},"end":{"line":39,"column":24}},"39":{"start":{"line":40,"column":0},"end":{"line":40,"column":8}},"40":{"start":{"line":41,"column":0},"end":{"line":41,"column":30}},"41":{"start":{"line":42,"column":0},"end":{"line":42,"column":61}},"42":{"start":{"line":43,"column":0},"end":{"line":43,"column":5}},"43":{"start":{"line":44,"column":0},"end":{"line":44,"column":3}},"44":{"start":{"line":45,"column":0},"end":{"line":45,"column":11}},"45":{"start":{"line":46,"column":0},"end":{"line":46,"column":11}},"46":{"start":{"line":47,"column":0},"end":{"line":47,"column":20}},"47":{"start":{"line":48,"column":0},"end":{"line":48,"column":5}},"48":{"start":{"line":49,"column":0},"end":{"line":49,"column":51}},"49":{"start":{"line":50,"column":0},"end":{"line":50,"column":6}},"50":{"start":{"line":51,"column":0},"end":{"line":51,"column":15}},"51":{"start":{"line":52,"column":0},"end":{"line":52,"column":50}},"52":{"start":{"line":53,"column":0},"end":{"line":53,"column":42}},"53":{"start":{"line":54,"column":0},"end":{"line":54,"column":33}},"54":{"start":{"line":55,"column":0},"end":{"line":55,"column":78}},"55":{"start":{"line":56,"column":0},"end":{"line":56,"column":9}},"56":{"start":{"line":57,"column":0},"end":{"line":57,"column":5}},"57":{"start":{"line":58,"column":0},"end":{"line":58,"column":3}},"58":{"start":{"line":59,"column":0},"end":{"line":59,"column":9}},"59":{"start":{"line":60,"column":0},"end":{"line":60,"column":8}}},"s":{"0":0,"1":0,"2":0,"3":0,"6":0,"9":0,"10":0,"11":0,"12":0,"13":0,"14":0,"15":0,"16":0,"17":0,"18":0,"19":0,"20":0,"21":0,"22":0,"23":0,"24":0,"25":0,"26":0,"27":0,"28":0,"29":0,"30":0,"31":0,"32":0,"33":0,"34":0,"35":0,"36":0,"37":0,"38":0,"39":0,"40":0,"41":0,"42":0,"43":0,"44":0,"45":0,"46":0,"47":0,"48":0,"49":0,"50":0,"51":0,"52":0,"53":0,"54":0,"55":0,"56":0,"57":0,"58":0,"59":0},"branchMap":{"0":{"type":"branch","line":1,"loc":{"start":{"line":1,"column":0},"end":{"line":60,"column":-198}},"locations":[{"start":{"line":1,"column":0},"end":{"line":60,"column":-198}}]}},"b":{"0":[0]},"fnMap":{"0":{"name":"(empty-report)","decl":{"start":{"line":1,"column":0},"end":{"line":60,"column":-198}},"loc":{"start":{"line":1,"column":0},"end":{"line":60,"column":-198}},"line":1}},"f":{"0":0}}
,"/home/usuario/prct08-filesystem-funko-app-AlejandroReyes1594/src/Funko/models/Funko.ts": {"path":"/home/usuario/prct08-filesystem-funko-app-AlejandroReyes1594/src/Funko/models/Funko.ts","all":false,"statementMap":{"6":{"start":{"line":7,"column":0},"end":{"line":7,"column":20}},"7":{"start":{"line":8,"column":0},"end":{"line":8,"column":14}},"8":{"start":{"line":9,"column":0},"end":{"line":9,"column":22}},"9":{"start":{"line":10,"column":0},"end":{"line":10,"column":24}},"10":{"start":{"line":11,"column":0},"end":{"line":11,"column":31}},"11":{"start":{"line":12,"column":0},"end":{"line":12,"column":27}},"12":{"start":{"line":13,"column":0},"end":{"line":13,"column":29}},"13":{"start":{"line":14,"column":0},"end":{"line":14,"column":29}},"14":{"start":{"line":15,"column":0},"end":{"line":15,"column":26}},"15":{"start":{"line":16,"column":0},"end":{"line":16,"column":30}},"16":{"start":{"line":17,"column":0},"end":{"line":17,"column":35}},"17":{"start":{"line":18,"column":0},"end":{"line":18,"column":30}},"18":{"start":{"line":19,"column":0},"end":{"line":19,"column":6}},"19":{"start":{"line":20,"column":0},"end":{"line":20,"column":1}}},"s":{"6":1,"7":1,"8":1,"9":1,"10":1,"11":1,"12":1,"13":1,"14":1,"15":1,"16":1,"17":1,"18":1,"19":1},"branchMap":{"0":{"type":"branch","line":8,"loc":{"start":{"line":8,"column":2},"end":{"line":19,"column":6}},"locations":[{"start":{"line":8,"column":2},"end":{"line":19,"column":6}}]}},"b":{"0":[1]},"fnMap":{"0":{"name":"Funko","decl":{"start":{"line":8,"column":2},"end":{"line":19,"column":6}},"loc":{"start":{"line":8,"column":2},"end":{"line":19,"column":6}},"line":8}},"f":{"0":1}}
,"/home/usuario/prct08-filesystem-funko-app-AlejandroReyes1594/src/Funko/models/FunkoGenre.ts": {"path":"/home/usuario/prct08-filesystem-funko-app-AlejandroReyes1594/src/Funko/models/FunkoGenre.ts","all":false,"statementMap":{"3":{"start":{"line":4,"column":0},"end":{"line":4,"column":24}},"4":{"start":{"line":5,"column":0},"end":{"line":5,"column":28}},"5":{"start":{"line":6,"column":0},"end":{"line":6,"column":32}},"6":{"start":{"line":7,"column":0},"end":{"line":7,"column":31}},"7":{"start":{"line":8,"column":0},"end":{"line":8,"column":24}},"8":{"start":{"line":9,"column":0},"end":{"line":9,"column":21}},"9":{"start":{"line":10,"column":0},"end":{"line":10,"column":20}}},"s":{"3":1,"4":1,"5":1,"6":1,"7":1,"8":1,"9":1},"branchMap":{"0":{"type":"branch","line":4,"loc":{"start":{"line":4,"column":7},"end":{"line":4,"column":24}},"locations":[{"start":{"line":4,"column":7},"end":{"line":4,"column":24}}]}},"b":{"0":[1]},"fnMap":{},"f":{}}
,"/home/usuario/prct08-filesystem-funko-app-AlejandroReyes1594/src/Funko/models/FunkoType.ts": {"path":"/home/usuario/prct08-filesystem-funko-app-AlejandroReyes1594/src/Funko/models/FunkoType.ts","all":false,"statementMap":{"3":{"start":{"line":4,"column":0},"end":{"line":4,"column":23}},"4":{"start":{"line":5,"column":0},"end":{"line":5,"column":17}},"5":{"start":{"line":6,"column":0},"end":{"line":6,"column":28}},"6":{"start":{"line":7,"column":0},"end":{"line":7,"column":29}},"7":{"start":{"line":8,"column":0},"end":{"line":8,"column":29}}},"s":{"3":1,"4":1,"5":1,"6":1,"7":1},"branchMap":{"0":{"type":"branch","line":4,"loc":{"start":{"line":4,"column":7},"end":{"line":4,"column":23}},"locations":[{"start":{"line":4,"column":7},"end":{"line":4,"column":23}}]}},"b":{"0":[1]},"fnMap":{},"f":{}}
,"/home/usuario/prct08-filesystem-funko-app-AlejandroReyes1594/src/Funko/services/FunkoManager.ts": {"path":"/home/usuario/prct08-filesystem-funko-app-AlejandroReyes1594/src/Funko/services/FunkoManager.ts","all":false,"statementMap":{"0":{"start":{"line":1,"column":0},"end":{"line":1,"column":20}},"1":{"start":{"line":2,"column":0},"end":{"line":2,"column":24}},"7":{"start":{"line":8,"column":0},"end":{"line":8,"column":27}},"8":{"start":{"line":9,"column":0},"end":{"line":9,"column":26}},"10":{"start":{"line":11,"column":0},"end":{"line":11,"column":41}},"11":{"start":{"line":12,"column":0},"end":{"line":12,"column":47}},"12":{"start":{"line":13,"column":0},"end":{"line":13,"column":39}},"13":{"start":{"line":14,"column":0},"end":{"line":14,"column":54}},"14":{"start":{"line":15,"column":0},"end":{"line":15,"column":5}},"15":{"start":{"line":16,"column":0},"end":{"line":16,"column":3}},"17":{"start":{"line":18,"column":0},"end":{"line":18,"column":48}},"18":{"start":{"line":19,"column":0},"end":{"line":19,"column":49}},"19":{"start":{"line":20,"column":0},"end":{"line":20,"column":3}},"21":{"start":{"line":22,"column":0},"end":{"line":22,"column":32}},"22":{"start":{"line":23,"column":0},"end":{"line":23,"column":53}},"23":{"start":{"line":24,"column":0},"end":{"line":24,"column":34}},"24":{"start":{"line":25,"column":0},"end":{"line":25,"column":48}},"25":{"start":{"line":26,"column":0},"end":{"line":26,"column":13}},"26":{"start":{"line":27,"column":0},"end":{"line":27,"column":5}},"27":{"start":{"line":28,"column":0},"end":{"line":28,"column":63}},"28":{"start":{"line":29,"column":0},"end":{"line":29,"column":48}},"29":{"start":{"line":30,"column":0},"end":{"line":30,"column":3}},"31":{"start":{"line":32,"column":0},"end":{"line":32,"column":35}},"32":{"start":{"line":33,"column":0},"end":{"line":33,"column":53}},"33":{"start":{"line":34,"column":0},"end":{"line":34,"column":35}},"34":{"start":{"line":35,"column":0},"end":{"line":35,"column":48}},"35":{"start":{"line":36,"column":0},"end":{"line":36,"column":13}},"36":{"start":{"line":37,"column":0},"end":{"line":37,"column":5}},"37":{"start":{"line":38,"column":0},"end":{"line":38,"column":63}},"38":{"start":{"line":39,"column":0},"end":{"line":39,"column":52}},"39":{"start":{"line":40,"column":0},"end":{"line":40,"column":3}},"41":{"start":{"line":42,"column":0},"end":{"line":42,"column":33}},"42":{"start":{"line":43,"column":0},"end":{"line":43,"column":47}},"43":{"start":{"line":44,"column":0},"end":{"line":44,"column":35}},"44":{"start":{"line":45,"column":0},"end":{"line":45,"column":48}},"45":{"start":{"line":46,"column":0},"end":{"line":46,"column":13}},"46":{"start":{"line":47,"column":0},"end":{"line":47,"column":5}},"47":{"start":{"line":48,"column":0},"end":{"line":48,"column":28}},"48":{"start":{"line":49,"column":0},"end":{"line":49,"column":50}},"49":{"start":{"line":50,"column":0},"end":{"line":50,"column":3}},"51":{"start":{"line":52,"column":0},"end":{"line":52,"column":25}},"52":{"start":{"line":53,"column":0},"end":{"line":53,"column":47}},"53":{"start":{"line":54,"column":0},"end":{"line":54,"column":32}},"54":{"start":{"line":55,"column":0},"end":{"line":55,"column":53}},"55":{"start":{"line":56,"column":0},"end":{"line":56,"column":60}},"56":{"start":{"line":57,"column":0},"end":{"line":57,"column":7}},"57":{"start":{"line":58,"column":0},"end":{"line":58,"column":3}},"59":{"start":{"line":60,"column":0},"end":{"line":60,"column":38}},"60":{"start":{"line":61,"column":0},"end":{"line":61,"column":47}},"61":{"start":{"line":62,"column":0},"end":{"line":62,"column":35}},"62":{"start":{"line":63,"column":0},"end":{"line":63,"column":48}},"63":{"start":{"line":64,"column":0},"end":{"line":64,"column":18}},"64":{"start":{"line":65,"column":0},"end":{"line":65,"column":5}},"65":{"start":{"line":66,"column":0},"end":{"line":66,"column":58}},"66":{"start":{"line":67,"column":0},"end":{"line":67,"column":3}},"67":{"start":{"line":68,"column":0},"end":{"line":68,"column":1}}},"s":{"0":1,"1":1,"7":1,"8":1,"10":1,"11":1,"12":1,"13":0,"14":0,"15":1,"17":1,"18":4,"19":4,"21":1,"22":1,"23":1,"24":0,"25":0,"26":0,"27":1,"28":1,"29":1,"31":1,"32":0,"33":0,"34":0,"35":0,"36":0,"37":0,"38":0,"39":0,"41":1,"42":1,"43":1,"44":0,"45":0,"46":0,"47":1,"48":1,"49":1,"51":1,"52":0,"53":0,"54":0,"55":0,"56":0,"57":0,"59":1,"60":2,"61":2,"62":1,"63":1,"64":1,"65":1,"66":2,"67":1},"branchMap":{"0":{"type":"branch","line":11,"loc":{"start":{"line":11,"column":2},"end":{"line":16,"column":3}},"locations":[{"start":{"line":11,"column":2},"end":{"line":16,"column":3}}]},"1":{"type":"branch","line":13,"loc":{"start":{"line":13,"column":38},"end":{"line":15,"column":5}},"locations":[{"start":{"line":13,"column":38},"end":{"line":15,"column":5}}]},"2":{"type":"branch","line":16,"loc":{"start":{"line":16,"column":2},"end":{"line":16,"column":3}},"locations":[{"start":{"line":16,"column":2},"end":{"line":16,"column":3}}]},"3":{"type":"branch","line":18,"loc":{"start":{"line":18,"column":10},"end":{"line":20,"column":3}},"locations":[{"start":{"line":18,"column":10},"end":{"line":20,"column":3}}]},"4":{"type":"branch","line":22,"loc":{"start":{"line":22,"column":2},"end":{"line":30,"column":3}},"locations":[{"start":{"line":22,"column":2},"end":{"line":30,"column":3}}]},"5":{"type":"branch","line":24,"loc":{"start":{"line":24,"column":33},"end":{"line":27,"column":5}},"locations":[{"start":{"line":24,"column":33},"end":{"line":27,"column":5}}]},"6":{"type":"branch","line":42,"loc":{"start":{"line":42,"column":2},"end":{"line":50,"column":3}},"locations":[{"start":{"line":42,"column":2},"end":{"line":50,"column":3}}]},"7":{"type":"branch","line":44,"loc":{"start":{"line":44,"column":34},"end":{"line":47,"column":5}},"locations":[{"start":{"line":44,"column":34},"end":{"line":47,"column":5}}]},"8":{"type":"branch","line":60,"loc":{"start":{"line":60,"column":2},"end":{"line":67,"column":3}},"locations":[{"start":{"line":60,"column":2},"end":{"line":67,"column":3}}]},"9":{"type":"branch","line":62,"loc":{"start":{"line":62,"column":34},"end":{"line":66,"column":58}},"locations":[{"start":{"line":62,"column":34},"end":{"line":66,"column":58}}]}},"b":{"0":[1],"1":[0],"2":[1],"3":[4],"4":[1],"5":[0],"6":[1],"7":[0],"8":[2],"9":[1]},"fnMap":{"0":{"name":"FunkoManager","decl":{"start":{"line":11,"column":2},"end":{"line":16,"column":3}},"loc":{"start":{"line":11,"column":2},"end":{"line":16,"column":3}},"line":11},"1":{"name":"<instance_members_initializer>","decl":{"start":{"line":16,"column":2},"end":{"line":16,"column":3}},"loc":{"start":{"line":16,"column":2},"end":{"line":16,"column":3}},"line":16},"2":{"name":"getFunkoFilePath","decl":{"start":{"line":18,"column":10},"end":{"line":20,"column":3}},"loc":{"start":{"line":18,"column":10},"end":{"line":20,"column":3}},"line":18},"3":{"name":"addFunko","decl":{"start":{"line":22,"column":2},"end":{"line":30,"column":3}},"loc":{"start":{"line":22,"column":2},"end":{"line":30,"column":3}},"line":22},"4":{"name":"updateFunko","decl":{"start":{"line":32,"column":2},"end":{"line":40,"column":3}},"loc":{"start":{"line":32,"column":2},"end":{"line":40,"column":3}},"line":32},"5":{"name":"removeFunko","decl":{"start":{"line":42,"column":2},"end":{"line":50,"column":3}},"loc":{"start":{"line":42,"column":2},"end":{"line":50,"column":3}},"line":42},"6":{"name":"listFunkos","decl":{"start":{"line":52,"column":2},"end":{"line":58,"column":3}},"loc":{"start":{"line":52,"column":2},"end":{"line":58,"column":3}},"line":52},"7":{"name":"getFunko","decl":{"start":{"line":60,"column":2},"end":{"line":67,"column":3}},"loc":{"start":{"line":60,"column":2},"end":{"line":67,"column":3}},"line":60}},"f":{"0":1,"1":1,"2":4,"3":1,"4":0,"5":1,"6":0,"7":2}}
,"/home/usuario/prct08-filesystem-funko-app-AlejandroReyes1594/src/Funko/utils/chalkUtils.ts": {"path":"/home/usuario/prct08-filesystem-funko-app-AlejandroReyes1594/src/Funko/utils/chalkUtils.ts","all":true,"statementMap":{"0":{"start":{"line":1,"column":0},"end":{"line":1,"column":26}},"5":{"start":{"line":6,"column":0},"end":{"line":6,"column":71}},"6":{"start":{"line":7,"column":0},"end":{"line":7,"column":67}},"7":{"start":{"line":8,"column":0},"end":{"line":8,"column":52}},"8":{"start":{"line":9,"column":0},"end":{"line":9,"column":45}},"9":{"start":{"line":10,"column":0},"end":{"line":10,"column":45}},"10":{"start":{"line":11,"column":0},"end":{"line":11,"column":43}},"11":{"start":{"line":12,"column":0},"end":{"line":12,"column":26}},"12":{"start":{"line":13,"column":0},"end":{"line":13,"column":2}}},"s":{"0":0,"5":0,"6":0,"7":0,"8":0,"9":0,"10":0,"11":0,"12":0},"branchMap":{"0":{"type":"branch","line":1,"loc":{"start":{"line":1,"column":453},"end":{"line":13,"column":2}},"locations":[{"start":{"line":1,"column":453},"end":{"line":13,"column":2}}]}},"b":{"0":[0]},"fnMap":{"0":{"name":"(empty-report)","decl":{"start":{"line":1,"column":453},"end":{"line":13,"column":2}},"loc":{"start":{"line":1,"column":453},"end":{"line":13,"column":2}},"line":1}},"f":{"0":0}}
,"/home/usuario/prct08-filesystem-funko-app-AlejandroReyes1594/src/ejercicio-clase1/custom_list.ts": {"path":"/home/usuario/prct08-filesystem-funko-app-AlejandroReyes1594/src/ejercicio-clase1/custom_list.ts","all":false,"statementMap":{"3":{"start":{"line":4,"column":0},"end":{"line":4,"column":28}},"4":{"start":{"line":5,"column":0},"end":{"line":5,"column":31}},"10":{"start":{"line":11,"column":0},"end":{"line":11,"column":37}},"11":{"start":{"line":12,"column":0},"end":{"line":12,"column":36}},"12":{"start":{"line":13,"column":0},"end":{"line":13,"column":5}},"18":{"start":{"line":19,"column":0},"end":{"line":19,"column":39}},"19":{"start":{"line":20,"column":0},"end":{"line":20,"column":47}},"20":{"start":{"line":21,"column":0},"end":{"line":21,"column":58}},"21":{"start":{"line":22,"column":0},"end":{"line":22,"column":7}},"22":{"start":{"line":23,"column":0},"end":{"line":23,"column":5}},"29":{"start":{"line":30,"column":0},"end":{"line":30,"column":69}},"30":{"start":{"line":31,"column":0},"end":{"line":31,"column":39}},"31":{"start":{"line":32,"column":0},"end":{"line":32,"column":33}},"32":{"start":{"line":33,"column":0},"end":{"line":33,"column":49}},"33":{"start":{"line":34,"column":0},"end":{"line":34,"column":64}},"34":{"start":{"line":35,"column":0},"end":{"line":35,"column":9}},"35":{"start":{"line":36,"column":0},"end":{"line":36,"column":7}},"36":{"start":{"line":37,"column":0},"end":{"line":37,"column":20}},"37":{"start":{"line":38,"column":0},"end":{"line":38,"column":5}},"44":{"start":{"line":45,"column":0},"end":{"line":45,"column":61}},"45":{"start":{"line":46,"column":0},"end":{"line":46,"column":39}},"46":{"start":{"line":47,"column":0},"end":{"line":47,"column":54}},"47":{"start":{"line":48,"column":0},"end":{"line":48,"column":42}},"48":{"start":{"line":49,"column":0},"end":{"line":49,"column":69}},"49":{"start":{"line":50,"column":0},"end":{"line":50,"column":9}},"50":{"start":{"line":51,"column":0},"end":{"line":51,"column":7}},"51":{"start":{"line":52,"column":0},"end":{"line":52,"column":20}},"52":{"start":{"line":53,"column":0},"end":{"line":53,"column":5}},"58":{"start":{"line":59,"column":0},"end":{"line":59,"column":22}},"59":{"start":{"line":60,"column":0},"end":{"line":60,"column":20}},"60":{"start":{"line":61,"column":0},"end":{"line":61,"column":50}},"61":{"start":{"line":62,"column":0},"end":{"line":62,"column":16}},"62":{"start":{"line":63,"column":0},"end":{"line":63,"column":7}},"63":{"start":{"line":64,"column":0},"end":{"line":64,"column":19}},"64":{"start":{"line":65,"column":0},"end":{"line":65,"column":5}},"71":{"start":{"line":72,"column":0},"end":{"line":72,"column":54}},"72":{"start":{"line":73,"column":0},"end":{"line":73,"column":39}},"73":{"start":{"line":74,"column":0},"end":{"line":74,"column":54}},"74":{"start":{"line":75,"column":0},"end":{"line":75,"column":77}},"75":{"start":{"line":76,"column":0},"end":{"line":76,"column":7}},"76":{"start":{"line":77,"column":0},"end":{"line":77,"column":20}},"77":{"start":{"line":78,"column":0},"end":{"line":78,"column":5}},"85":{"start":{"line":86,"column":0},"end":{"line":86,"column":72}},"86":{"start":{"line":87,"column":0},"end":{"line":87,"column":39}},"87":{"start":{"line":88,"column":0},"end":{"line":88,"column":47}},"88":{"start":{"line":89,"column":0},"end":{"line":89,"column":54}},"89":{"start":{"line":90,"column":0},"end":{"line":90,"column":9}},"90":{"start":{"line":91,"column":0},"end":{"line":91,"column":27}},"91":{"start":{"line":92,"column":0},"end":{"line":92,"column":5}},"97":{"start":{"line":98,"column":0},"end":{"line":98,"column":30}},"98":{"start":{"line":99,"column":0},"end":{"line":99,"column":43}},"99":{"start":{"line":100,"column":0},"end":{"line":100,"column":54}},"100":{"start":{"line":101,"column":0},"end":{"line":101,"column":58}},"101":{"start":{"line":102,"column":0},"end":{"line":102,"column":9}},"102":{"start":{"line":103,"column":0},"end":{"line":103,"column":22}},"103":{"start":{"line":104,"column":0},"end":{"line":104,"column":5}},"109":{"start":{"line":110,"column":0},"end":{"line":110,"column":51}},"110":{"start":{"line":111,"column":0},"end":{"line":111,"column":47}},"111":{"start":{"line":112,"column":0},"end":{"line":112,"column":27}},"112":{"start":{"line":113,"column":0},"end":{"line":113,"column":9}},"113":{"start":{"line":114,"column":0},"end":{"line":114,"column":5}},"122":{"start":{"line":123,"column":0},"end":{"line":123,"column":27}},"123":{"start":{"line":124,"column":0},"end":{"line":124,"column":48}},"124":{"start":{"line":125,"column":0},"end":{"line":125,"column":48}},"125":{"start":{"line":126,"column":0},"end":{"line":126,"column":7}},"126":{"start":{"line":127,"column":0},"end":{"line":127,"column":34}},"127":{"start":{"line":128,"column":0},"end":{"line":128,"column":5}},"133":{"start":{"line":134,"column":0},"end":{"line":134,"column":20}},"134":{"start":{"line":135,"column":0},"end":{"line":135,"column":32}},"135":{"start":{"line":136,"column":0},"end":{"line":136,"column":5}},"136":{"start":{"line":137,"column":0},"end":{"line":137,"column":3}}},"s":{"3":1,"4":1,"10":1,"11":56,"12":56,"18":1,"19":9,"20":13,"21":13,"22":9,"29":1,"30":4,"31":4,"32":9,"33":15,"34":15,"35":9,"36":4,"37":4,"44":1,"45":4,"46":4,"47":17,"48":9,"49":9,"50":17,"51":4,"52":4,"58":1,"59":80,"60":80,"61":246,"62":246,"63":80,"64":80,"71":1,"72":3,"73":3,"74":6,"75":6,"76":3,"77":3,"85":1,"86":3,"87":3,"88":7,"89":7,"90":3,"91":3,"97":1,"98":3,"99":3,"100":5,"101":5,"102":3,"103":3,"109":1,"110":4,"111":9,"112":9,"113":4,"122":1,"123":28,"124":0,"125":0,"126":28,"127":28,"133":1,"134":18,"135":18,"136":1},"branchMap":{"0":{"type":"branch","line":5,"loc":{"start":{"line":5,"column":12},"end":{"line":5,"column":31}},"locations":[{"start":{"line":5,"column":12},"end":{"line":5,"column":31}}]},"1":{"type":"branch","line":11,"loc":{"start":{"line":11,"column":4},"end":{"line":13,"column":5}},"locations":[{"start":{"line":11,"column":4},"end":{"line":13,"column":5}}]},"2":{"type":"branch","line":19,"loc":{"start":{"line":19,"column":4},"end":{"line":23,"column":5}},"locations":[{"start":{"line":19,"column":4},"end":{"line":23,"column":5}}]},"3":{"type":"branch","line":20,"loc":{"start":{"line":20,"column":46},"end":{"line":22,"column":7}},"locations":[{"start":{"line":20,"column":46},"end":{"line":22,"column":7}}]},"4":{"type":"branch","line":30,"loc":{"start":{"line":30,"column":11},"end":{"line":38,"column":5}},"locations":[{"start":{"line":30,"column":11},"end":{"line":38,"column":5}}]},"5":{"type":"branch","line":32,"loc":{"start":{"line":32,"column":32},"end":{"line":36,"column":7}},"locations":[{"start":{"line":32,"column":32},"end":{"line":36,"column":7}}]},"6":{"type":"branch","line":33,"loc":{"start":{"line":33,"column":48},"end":{"line":35,"column":9}},"locations":[{"start":{"line":33,"column":48},"end":{"line":35,"column":9}}]},"7":{"type":"branch","line":45,"loc":{"start":{"line":45,"column":4},"end":{"line":53,"column":5}},"locations":[{"start":{"line":45,"column":4},"end":{"line":53,"column":5}}]},"8":{"type":"branch","line":47,"loc":{"start":{"line":47,"column":53},"end":{"line":51,"column":7}},"locations":[{"start":{"line":47,"column":53},"end":{"line":51,"column":7}}]},"9":{"type":"branch","line":48,"loc":{"start":{"line":48,"column":41},"end":{"line":50,"column":9}},"locations":[{"start":{"line":48,"column":41},"end":{"line":50,"column":9}}]},"10":{"type":"branch","line":59,"loc":{"start":{"line":59,"column":4},"end":{"line":65,"column":5}},"locations":[{"start":{"line":59,"column":4},"end":{"line":65,"column":5}}]},"11":{"type":"branch","line":61,"loc":{"start":{"line":61,"column":49},"end":{"line":63,"column":7}},"locations":[{"start":{"line":61,"column":49},"end":{"line":63,"column":7}}]},"12":{"type":"branch","line":72,"loc":{"start":{"line":72,"column":4},"end":{"line":78,"column":5}},"locations":[{"start":{"line":72,"column":4},"end":{"line":78,"column":5}}]},"13":{"type":"branch","line":74,"loc":{"start":{"line":74,"column":53},"end":{"line":76,"column":7}},"locations":[{"start":{"line":74,"column":53},"end":{"line":76,"column":7}}]},"14":{"type":"branch","line":86,"loc":{"start":{"line":86,"column":4},"end":{"line":92,"column":5}},"locations":[{"start":{"line":86,"column":4},"end":{"line":92,"column":5}}]},"15":{"type":"branch","line":88,"loc":{"start":{"line":88,"column":46},"end":{"line":90,"column":9}},"locations":[{"start":{"line":88,"column":46},"end":{"line":90,"column":9}}]},"16":{"type":"branch","line":98,"loc":{"start":{"line":98,"column":4},"end":{"line":104,"column":5}},"locations":[{"start":{"line":98,"column":4},"end":{"line":104,"column":5}}]},"17":{"type":"branch","line":100,"loc":{"start":{"line":100,"column":53},"end":{"line":102,"column":9}},"locations":[{"start":{"line":100,"column":53},"end":{"line":102,"column":9}}]},"18":{"type":"branch","line":110,"loc":{"start":{"line":110,"column":4},"end":{"line":114,"column":5}},"locations":[{"start":{"line":110,"column":4},"end":{"line":114,"column":5}}]},"19":{"type":"branch","line":111,"loc":{"start":{"line":111,"column":46},"end":{"line":113,"column":9}},"locations":[{"start":{"line":111,"column":46},"end":{"line":113,"column":9}}]},"20":{"type":"branch","line":123,"loc":{"start":{"line":123,"column":4},"end":{"line":128,"column":5}},"locations":[{"start":{"line":123,"column":4},"end":{"line":128,"column":5}}]},"21":{"type":"branch","line":124,"loc":{"start":{"line":124,"column":47},"end":{"line":126,"column":7}},"locations":[{"start":{"line":124,"column":47},"end":{"line":126,"column":7}}]},"22":{"type":"branch","line":134,"loc":{"start":{"line":134,"column":4},"end":{"line":136,"column":5}},"locations":[{"start":{"line":134,"column":4},"end":{"line":136,"column":5}}]}},"b":{"0":[56],"1":[56],"2":[9],"3":[13],"4":[4],"5":[9],"6":[15],"7":[4],"8":[17],"9":[9],"10":[80],"11":[246],"12":[3],"13":[6],"14":[3],"15":[7],"16":[3],"17":[5],"18":[4],"19":[9],"20":[28],"21":[0],"22":[18]},"fnMap":{"0":{"name":"<instance_members_initializer>","decl":{"start":{"line":5,"column":12},"end":{"line":5,"column":31}},"loc":{"start":{"line":5,"column":12},"end":{"line":5,"column":31}},"line":5},"1":{"name":"CustomList","decl":{"start":{"line":11,"column":4},"end":{"line":13,"column":5}},"loc":{"start":{"line":11,"column":4},"end":{"line":13,"column":5}},"line":11},"2":{"name":"append","decl":{"start":{"line":19,"column":4},"end":{"line":23,"column":5}},"loc":{"start":{"line":19,"column":4},"end":{"line":23,"column":5}},"line":19},"3":{"name":"concatenate","decl":{"start":{"line":30,"column":11},"end":{"line":38,"column":5}},"loc":{"start":{"line":30,"column":11},"end":{"line":38,"column":5}},"line":30},"4":{"name":"filter","decl":{"start":{"line":45,"column":4},"end":{"line":53,"column":5}},"loc":{"start":{"line":45,"column":4},"end":{"line":53,"column":5}},"line":45},"5":{"name":"length","decl":{"start":{"line":59,"column":4},"end":{"line":65,"column":5}},"loc":{"start":{"line":59,"column":4},"end":{"line":65,"column":5}},"line":59},"6":{"name":"map","decl":{"start":{"line":72,"column":4},"end":{"line":78,"column":5}},"loc":{"start":{"line":72,"column":4},"end":{"line":78,"column":5}},"line":72},"7":{"name":"reduce","decl":{"start":{"line":86,"column":4},"end":{"line":92,"column":5}},"loc":{"start":{"line":86,"column":4},"end":{"line":92,"column":5}},"line":86},"8":{"name":"reverse","decl":{"start":{"line":98,"column":4},"end":{"line":104,"column":5}},"loc":{"start":{"line":98,"column":4},"end":{"line":104,"column":5}},"line":98},"9":{"name":"forEach","decl":{"start":{"line":110,"column":4},"end":{"line":114,"column":5}},"loc":{"start":{"line":110,"column":4},"end":{"line":114,"column":5}},"line":110},"10":{"name":"get","decl":{"start":{"line":123,"column":4},"end":{"line":128,"column":5}},"loc":{"start":{"line":123,"column":4},"end":{"line":128,"column":5}},"line":123},"11":{"name":"toArray","decl":{"start":{"line":134,"column":4},"end":{"line":136,"column":5}},"loc":{"start":{"line":134,"column":4},"end":{"line":136,"column":5}},"line":134}},"f":{"0":56,"1":56,"2":9,"3":4,"4":4,"5":80,"6":3,"7":3,"8":3,"9":4,"10":28,"11":18}}
,"/home/usuario/prct08-filesystem-funko-app-AlejandroReyes1594/src/ejercicio-clase1/main.ts": {"path":"/home/usuario/prct08-filesystem-funko-app-AlejandroReyes1594/src/ejercicio-clase1/main.ts","all":true,"statementMap":{"0":{"start":{"line":1,"column":0},"end":{"line":1,"column":46}},"2":{"start":{"line":3,"column":0},"end":{"line":3,"column":59}},"5":{"start":{"line":6,"column":0},"end":{"line":6,"column":53}},"7":{"start":{"line":8,"column":0},"end":{"line":8,"column":74}},"8":{"start":{"line":9,"column":0},"end":{"line":9,"column":86}},"9":{"start":{"line":10,"column":0},"end":{"line":10,"column":78}},"10":{"start":{"line":11,"column":0},"end":{"line":11,"column":44}},"11":{"start":{"line":12,"column":0},"end":{"line":12,"column":63}}},"s":{"0":0,"2":0,"5":0,"7":0,"8":0,"9":0,"10":0,"11":0},"branchMap":{"0":{"type":"branch","line":1,"loc":{"start":{"line":1,"column":0},"end":{"line":12,"column":-64}},"locations":[{"start":{"line":1,"column":0},"end":{"line":12,"column":-64}}]}},"b":{"0":[0]},"fnMap":{"0":{"name":"(empty-report)","decl":{"start":{"line":1,"column":0},"end":{"line":12,"column":-64}},"loc":{"start":{"line":1,"column":0},"end":{"line":12,"column":-64}},"line":1}},"f":{"0":0}}
}
